Using BRISK algorithm
Using brute force matcher
Using regular matching
Frame, t_detect, t_match, t_sort , t_transform, Training Descriptors, Query Descriptors, Matches, Min Distance, Max Distance
1, 0.01066, 0.16117, 0.00146, 0.06282, 5424, 395, 5424, 341.98685, 961.82324
2, 0.00967, 0.18231, 0.00402, 0.06387, 5424, 451, 5424, 328.05792, 965.94617
3, 0.01262, 0.19807, 0.00255, 0.07630, 5424, 491, 5424, 305.82022, 932.51807
4, 0.01145, 0.17469, 0.00141, 0.06117, 5424, 444, 5424, 353.34543, 951.33276
5, 0.01296, 0.21212, 0.00154, 0.06484, 5424, 527, 5424, 350.69360, 934.77429
6, 0.01204, 0.18807, 0.00283, 0.08505, 5424, 454, 5424, 321.86487, 948.49670
7, 0.01147, 0.19014, 0.00145, 0.05795, 5424, 475, 5424, 352.43298, 981.08258
8, 0.01214, 0.20122, 0.00152, 0.06154, 5424, 501, 5424, 310.18381, 914.90985
9, 0.01122, 0.20036, 0.00146, 0.05771, 5424, 500, 5424, 326.50882, 944.38184
10, 0.01123, 0.20641, 0.00141, 0.06725, 5424, 520, 5424, 363.10880, 969.76953
11, 0.01296, 0.20025, 0.00151, 0.06669, 5424, 497, 5424, 289.18332, 966.41449
12, 0.01303, 0.20124, 0.00145, 0.05794, 5424, 500, 5424, 324.94769, 966.22876
13, 0.01074, 0.20370, 0.00143, 0.06676, 5424, 507, 5424, 333.63153, 948.96313
14, 0.01008, 0.20441, 0.00141, 0.07256, 5424, 513, 5424, 330.36798, 941.74146
15, 0.01054, 0.20338, 0.00280, 0.05998, 5424, 511, 5424, 328.58331, 943.41138
16, 0.01252, 0.20160, 0.00143, 0.06236, 5424, 505, 5424, 366.52148, 945.91333
17, 0.01186, 0.21136, 0.00163, 0.05709, 5424, 526, 5424, 337.00891, 952.84363
18, 0.01428, 0.21482, 0.00304, 0.06650, 5424, 532, 5424, 326.94952, 953.11700
19, 0.01254, 0.19642, 0.00183, 0.05966, 5424, 496, 5424, 380.00000, 949.72784
20, 0.01140, 0.20295, 0.00141, 0.05599, 5424, 507, 5424, 289.84305, 951.76996
21, 0.01397, 0.20705, 0.00141, 0.06702, 5424, 515, 5424, 331.16159, 915.80511
22, 0.01213, 0.20170, 0.00151, 0.06685, 5424, 502, 5424, 314.93332, 927.32898
23, 0.01137, 0.21282, 0.00141, 0.05993, 5424, 528, 5424, 300.60272, 940.63544
24, 0.01059, 0.19641, 0.00145, 0.06848, 5424, 485, 5424, 355.01971, 974.81793
25, 0.01138, 0.18639, 0.00216, 0.06929, 5424, 462, 5424, 343.26956, 920.59326
26, 0.01142, 0.18741, 0.00273, 0.06006, 5424, 464, 5424, 352.36060, 946.56061
27, 0.01206, 0.19965, 0.00145, 0.06156, 5424, 489, 5424, 316.77121, 931.21643
28, 0.01243, 0.21422, 0.00161, 0.06551, 5424, 536, 5424, 321.22733, 979.75610
29, 0.01280, 0.21475, 0.00141, 0.06035, 5424, 532, 5424, 322.44070, 941.57263
30, 0.01224, 0.20064, 0.00162, 0.06236, 5424, 499, 5424, 290.66476, 968.38269
31, 0.01189, 0.19345, 0.00154, 0.06308, 5424, 487, 5424, 309.88547, 957.68158
32, 0.01228, 0.20325, 0.00157, 0.06689, 5424, 505, 5424, 313.88214, 950.42462
33, 0.01249, 0.20288, 0.00229, 0.07155, 5424, 509, 5424, 325.66086, 946.97046
34, 0.01103, 0.20854, 0.00164, 0.07118, 5424, 519, 5424, 327.64767, 955.01257
35, 0.01317, 0.21951, 0.00195, 0.06590, 5424, 541, 5424, 325.80975, 963.89935
36, 0.01359, 0.20139, 0.00155, 0.06084, 5424, 497, 5424, 343.94913, 938.10608
37, 0.01210, 0.21288, 0.00141, 0.06053, 5424, 530, 5424, 299.36099, 956.63055
38, 0.01357, 0.22727, 0.00218, 0.05793, 5424, 564, 5424, 368.16299, 940.17340
39, 0.01263, 0.21777, 0.00145, 0.06060, 5424, 545, 5424, 363.52167, 945.98206
40, 0.00965, 0.14010, 0.00148, 0.06449, 5424, 347, 5424, 343.86188, 936.06464
41, 0.00948, 0.17766, 0.00142, 0.07308, 5424, 443, 5424, 336.01636, 973.76282
42, 0.01297, 0.21372, 0.00151, 0.05811, 5424, 529, 5424, 325.21225, 909.51965
43, 0.00986, 0.13968, 0.00145, 0.06634, 5424, 345, 5424, 302.31937, 980.27393
44, 0.01023, 0.13603, 0.00141, 0.06109, 5424, 336, 5424, 359.88889, 954.80310
45, 0.01187, 0.20463, 0.00201, 0.05891, 5424, 506, 5424, 362.39618, 941.46906
46, 0.01215, 0.20290, 0.00176, 0.07076, 5424, 504, 5424, 341.69577, 930.77551
47, 0.01324, 0.22868, 0.00198, 0.06112, 5424, 535, 5424, 328.85712, 944.94495
48, 0.01267, 0.21278, 0.00144, 0.07267, 5424, 534, 5424, 335.19547, 929.68488
49, 0.01307, 0.21517, 0.00152, 0.06272, 5424, 535, 5424, 318.14148, 933.92078
50, 0.01365, 0.22661, 0.00240, 0.06737, 5424, 554, 5424, 328.08078, 989.85352
51, 0.01298, 0.21790, 0.00141, 0.06943, 5424, 544, 5424, 304.19238, 945.75897
52, 0.01241, 0.21123, 0.00286, 0.07285, 5424, 522, 5424, 304.01151, 918.12469
53, 0.01369, 0.22286, 0.00142, 0.05896, 5424, 550, 5424, 357.07141, 925.29724
54, 0.01319, 0.22046, 0.00151, 0.06348, 5424, 548, 5424, 332.89639, 916.62207
55, 0.01274, 0.21759, 0.00149, 0.06892, 5424, 545, 5424, 320.33731, 967.51538
56, 0.01316, 0.22758, 0.00142, 0.07382, 5424, 569, 5424, 325.03384, 927.89331
57, 0.01259, 0.23070, 0.00148, 0.06987, 5424, 555, 5424, 319.80463, 932.08044
58, 0.01246, 0.21583, 0.00252, 0.07080, 5424, 531, 5424, 329.93332, 955.63641
59, 0.01109, 0.22142, 0.00141, 0.06706, 5424, 560, 5424, 391.22501, 941.56091
60, 0.01289, 0.22065, 0.00143, 0.07001, 5424, 551, 5424, 348.47668, 967.00983
61, 0.01249, 0.22682, 0.00199, 0.07342, 5424, 556, 5424, 368.36395, 935.51538
62, 0.01214, 0.21256, 0.00147, 0.05925, 5424, 531, 5424, 336.77887, 945.75525
63, 0.01056, 0.22037, 0.00351, 0.06255, 5424, 545, 5424, 336.36884, 930.28436
64, 0.01315, 0.21652, 0.00158, 0.07214, 5424, 532, 5424, 340.52606, 982.78076
65, 0.01114, 0.21766, 0.00386, 0.06577, 5424, 537, 5424, 296.34607, 930.05054
66, 0.01222, 0.21718, 0.00143, 0.05907, 5424, 537, 5424, 353.92654, 976.54034
67, 0.01297, 0.22015, 0.00330, 0.08820, 5424, 552, 5424, 325.36902, 945.76581
68, 0.01188, 0.22107, 0.00145, 0.06500, 5424, 542, 5424, 375.53961, 975.71100
69, 0.01309, 0.22889, 0.00143, 0.07054, 5424, 570, 5424, 320.76315, 965.69250
70, 0.01357, 0.21668, 0.00143, 0.07612, 5424, 542, 5424, 362.26648, 939.44769
71, 0.01289, 0.21833, 0.00368, 0.06752, 5424, 546, 5424, 348.58572, 903.09137
72, 0.01301, 0.22050, 0.00143, 0.06151, 5424, 545, 5424, 334.05838, 923.71478
73, 0.01346, 0.21875, 0.00354, 0.06081, 5424, 544, 5424, 318.58749, 954.32593
74, 0.01281, 0.22677, 0.00210, 0.06283, 5424, 536, 5424, 273.67865, 944.66980
75, 0.01271, 0.21922, 0.00204, 0.06869, 5424, 545, 5424, 337.67883, 963.50970
76, 0.01384, 0.20916, 0.00172, 0.07234, 5424, 517, 5424, 349.70703, 936.05450
77, 0.01166, 0.22854, 0.00160, 0.06644, 5424, 545, 5424, 303.99014, 922.61096
78, 0.01295, 0.22440, 0.00189, 0.07278, 5424, 551, 5424, 382.71530, 944.31830
79, 0.01139, 0.21591, 0.00175, 0.06681, 5424, 547, 5424, 334.11523, 900.35602
80, 0.01212, 0.22726, 0.00151, 0.06143, 5424, 557, 5424, 355.13519, 982.81281
81, 0.01267, 0.21143, 0.00310, 0.06271, 5424, 524, 5424, 350.82474, 986.17902
82, 0.01280, 0.21918, 0.00151, 0.06730, 5424, 557, 5424, 323.03714, 904.56177
83, 0.01322, 0.21449, 0.00143, 0.06938, 5424, 533, 5424, 360.53433, 936.69794
84, 0.01347, 0.22901, 0.00215, 0.06430, 5424, 556, 5424, 343.39774, 942.24042
85, 0.01192, 0.22769, 0.00218, 0.07433, 5424, 563, 5424, 371.16034, 964.96320
86, 0.01297, 0.21661, 0.00490, 0.07007, 5424, 530, 5424, 352.31094, 904.13605
87, 0.01445, 0.22527, 0.00143, 0.06421, 5424, 566, 5424, 310.38364, 945.95508
88, 0.01415, 0.22729, 0.00146, 0.07592, 5424, 562, 5424, 357.59195, 931.93506
89, 0.01236, 0.23099, 0.00159, 0.06542, 5424, 575, 5424, 357.52203, 963.36859
90, 0.01442, 0.22391, 0.00143, 0.06469, 5424, 545, 5424, 374.80261, 967.22595
91, 0.01422, 0.23276, 0.00149, 0.07188, 5424, 574, 5424, 386.65488, 939.50732
92, 0.01228, 0.22163, 0.00172, 0.06657, 5424, 534, 5424, 369.94998, 944.14880
93, 0.01343, 0.22873, 0.00221, 0.06337, 5424, 564, 5424, 326.58844, 965.16681
94, 0.01260, 0.22240, 0.00143, 0.06389, 5424, 544, 5424, 336.15472, 979.48254
95, 0.01350, 0.21927, 0.00151, 0.06768, 5424, 544, 5424, 348.44943, 1000.85815
96, 0.01250, 0.21608, 0.00150, 0.06491, 5424, 547, 5424, 362.24164, 958.94836
97, 0.01364, 0.21865, 0.00166, 0.06750, 5424, 537, 5424, 331.66699, 953.22137
98, 0.01333, 0.22545, 0.00143, 0.07071, 5424, 561, 5424, 301.20590, 945.62042
99, 0.01305, 0.21496, 0.00153, 0.06339, 5424, 524, 5424, 319.59506, 899.94891
100, 0.01135, 0.22019, 0.00191, 0.06550, 5424, 551, 5424, 343.29871, 963.66437
