Using SIFT algorithm
Using flann-based matcher
Using regular matching
Frame, t_detect, t_match, t_sort , t_transform, Training Descriptors, Query Descriptors, Matches, Min Distance, Max Distance
1, 0.12379, 0.15964, 0.00084, 0.05559, 3190, 824, 3190, 41.42463, 472.21817
2, 0.13115, 0.19027, 0.00081, 0.05002, 3190, 1062, 3190, 33.46640, 457.00330
3, 0.13041, 0.18554, 0.00085, 0.05514, 3190, 1034, 3190, 24.69818, 462.88876
4, 0.12901, 0.19002, 0.00085, 0.05669, 3190, 1005, 3190, 38.72983, 457.46585
5, 0.13736, 0.20220, 0.00080, 0.04635, 3190, 1098, 3190, 34.68429, 440.03751
6, 0.13596, 0.21839, 0.00086, 0.04834, 3190, 1118, 3190, 31.19295, 439.91931
7, 0.12375, 0.16434, 0.00084, 0.04859, 3190, 917, 3190, 40.64480, 458.20193
8, 0.12479, 0.18799, 0.00166, 0.05973, 3190, 896, 3190, 38.62642, 466.70761
9, 0.11140, 0.15728, 0.00081, 0.04953, 3190, 880, 3190, 33.76389, 446.65088
10, 0.11312, 0.15053, 0.00085, 0.05246, 3190, 862, 3190, 29.15476, 446.61057
11, 0.11560, 0.17084, 0.00088, 0.04904, 3190, 927, 3190, 23.60085, 460.34335
12, 0.11322, 0.14415, 0.00124, 0.07866, 3190, 752, 3190, 41.42463, 469.43582
13, 0.12864, 0.18105, 0.00081, 0.04686, 3190, 939, 3190, 45.38722, 443.21100
14, 0.12410, 0.18428, 0.00081, 0.04610, 3190, 1043, 3190, 38.96152, 446.43030
15, 0.12349, 0.17009, 0.00120, 0.05118, 3190, 965, 3190, 42.17819, 466.99573
16, 0.12438, 0.18205, 0.00081, 0.04823, 3190, 983, 3190, 33.18132, 469.92978
17, 0.12391, 0.16805, 0.00095, 0.04826, 3190, 986, 3190, 40.79216, 454.94394
18, 0.13244, 0.17259, 0.00123, 0.04755, 3190, 979, 3190, 33.55592, 449.09909
19, 0.12402, 0.17008, 0.00082, 0.05454, 3190, 935, 3190, 46.96807, 459.90759
20, 0.12334, 0.18497, 0.00090, 0.05189, 3190, 1013, 3190, 43.18565, 453.15338
21, 0.12442, 0.18195, 0.00104, 0.04586, 3190, 999, 3190, 31.14482, 447.73877
22, 0.12411, 0.17484, 0.00084, 0.04888, 3190, 1006, 3190, 31.68596, 449.35397
23, 0.12712, 0.18311, 0.00095, 0.04780, 3190, 987, 3190, 29.25748, 439.95682
24, 0.13752, 0.19401, 0.00081, 0.05464, 3190, 994, 3190, 32.38827, 440.08636
25, 0.12892, 0.18753, 0.00085, 0.04625, 3190, 983, 3190, 29.00000, 435.89679
26, 0.12799, 0.18781, 0.00084, 0.04788, 3190, 1017, 3190, 33.76389, 438.03995
27, 0.12733, 0.16570, 0.00126, 0.05045, 3190, 958, 3190, 44.04543, 461.61563
28, 0.12695, 0.18593, 0.00082, 0.04960, 3190, 1013, 3190, 31.51190, 455.82562
29, 0.12570, 0.19047, 0.00097, 0.05509, 3190, 967, 3190, 52.45951, 464.35440
30, 0.12668, 0.18947, 0.00087, 0.05703, 3190, 1020, 3190, 36.55133, 457.46149
31, 0.12401, 0.18543, 0.00081, 0.04890, 3190, 1019, 3190, 45.67275, 446.06277
32, 0.13179, 0.18334, 0.00095, 0.04735, 3190, 959, 3190, 42.80187, 462.78613
33, 0.13095, 0.17249, 0.00081, 0.05101, 3190, 996, 3190, 36.93237, 474.60825
34, 0.13257, 0.18627, 0.00081, 0.04895, 3190, 952, 3190, 51.70107, 454.45901
35, 0.13592, 0.18438, 0.00081, 0.08357, 3190, 985, 3190, 31.51190, 441.64127
36, 0.12793, 0.20050, 0.00101, 0.05462, 3190, 1004, 3190, 52.51666, 452.71072
37, 0.12336, 0.17383, 0.00316, 0.04915, 3190, 951, 3190, 41.76123, 442.66354
38, 0.13062, 0.17985, 0.00087, 0.05191, 3190, 1001, 3190, 43.47413, 443.33395
39, 0.12489, 0.17338, 0.00081, 0.04966, 3190, 913, 3190, 48.75449, 460.11847
40, 0.12359, 0.18041, 0.00083, 0.04639, 3190, 998, 3190, 36.55133, 457.06891
41, 0.14565, 0.18662, 0.00099, 0.05062, 3190, 1023, 3190, 37.48333, 456.04495
42, 0.12470, 0.16883, 0.00081, 0.04907, 3190, 990, 3190, 29.86637, 434.42722
43, 0.13362, 0.20575, 0.00080, 0.05389, 3190, 1036, 3190, 34.43835, 443.43546
44, 0.12706, 0.17775, 0.00094, 0.05302, 3190, 969, 3190, 36.52396, 438.65021
45, 0.12535, 0.17698, 0.00091, 0.04739, 3190, 1017, 3190, 32.84814, 453.89316
46, 0.13686, 0.18205, 0.00081, 0.05718, 3190, 1028, 3190, 28.42534, 453.60886
47, 0.12767, 0.19189, 0.00098, 0.04957, 3190, 1044, 3190, 32.17142, 461.96213
48, 0.13145, 0.20971, 0.00081, 0.05276, 3190, 1035, 3190, 37.88139, 440.19653
49, 0.13222, 0.18503, 0.00081, 0.04728, 3190, 1043, 3190, 38.56164, 447.19012
50, 0.12057, 0.17526, 0.00081, 0.04965, 3190, 949, 3190, 38.19686, 445.99329
51, 0.13162, 0.17556, 0.00092, 0.04629, 3190, 939, 3190, 39.02563, 453.51517
52, 0.13191, 0.18331, 0.00081, 0.05480, 3190, 1034, 3190, 30.59412, 455.65338
53, 0.13131, 0.20793, 0.00084, 0.05199, 3190, 1048, 3190, 34.48188, 447.58911
54, 0.12724, 0.20334, 0.00081, 0.05315, 3190, 1035, 3190, 30.64311, 447.51202
55, 0.12522, 0.18728, 0.00089, 0.04611, 3190, 1043, 3190, 31.78050, 453.99670
56, 0.13541, 0.20855, 0.00100, 0.05294, 3190, 1091, 3190, 37.66962, 451.45654
57, 0.12818, 0.19197, 0.00086, 0.05540, 3190, 1073, 3190, 31.40064, 441.34567
58, 0.15932, 0.17064, 0.00177, 0.05045, 3190, 1022, 3190, 24.47448, 463.32495
59, 0.12994, 0.19473, 0.00081, 0.04700, 3190, 1022, 3190, 32.12476, 446.16141
60, 0.13282, 0.19085, 0.00114, 0.05098, 3190, 1018, 3190, 28.40775, 442.21713
61, 0.13254, 0.21296, 0.00094, 0.04595, 3190, 1097, 3190, 33.89690, 463.71759
62, 0.12465, 0.17627, 0.00081, 0.04920, 3190, 1002, 3190, 29.93326, 475.23679
63, 0.12970, 0.20037, 0.00123, 0.04745, 3190, 1125, 3190, 33.00000, 448.15176
64, 0.11972, 0.16669, 0.00081, 0.05253, 3190, 866, 3190, 47.21229, 460.11630
65, 0.12678, 0.16373, 0.00095, 0.04846, 3190, 874, 3190, 39.37004, 451.19839
66, 0.09411, 0.09262, 0.00081, 0.05105, 3190, 512, 3190, 62.60991, 462.99243
67, 0.12305, 0.14427, 0.00082, 0.04814, 3190, 822, 3190, 39.23009, 438.53735
68, 0.11649, 0.14997, 0.00094, 0.04626, 3190, 762, 3190, 61.83850, 444.77411
69, 0.13246, 0.19070, 0.00084, 0.05443, 3190, 1061, 3190, 37.85499, 467.14343
70, 0.12908, 0.18992, 0.00088, 0.04663, 3190, 1028, 3190, 39.92493, 441.44534
71, 0.11961, 0.18618, 0.00084, 0.04868, 3190, 956, 3190, 45.89117, 475.67426
72, 0.12867, 0.17723, 0.00081, 0.05210, 3190, 957, 3190, 41.47288, 465.71881
73, 0.11667, 0.16166, 0.00081, 0.05077, 3190, 909, 3190, 39.00000, 459.97934
74, 0.12340, 0.18201, 0.00084, 0.04943, 3190, 936, 3190, 44.64303, 442.51102
75, 0.12334, 0.17446, 0.00111, 0.05817, 3190, 945, 3190, 52.74467, 462.24884
76, 0.12378, 0.16653, 0.00089, 0.05171, 3190, 942, 3190, 45.55217, 467.74246
77, 0.12594, 0.17191, 0.00094, 0.04978, 3190, 901, 3190, 34.45287, 448.14059
78, 0.13044, 0.16763, 0.00082, 0.05324, 3190, 918, 3190, 39.74921, 452.53729
79, 0.12779, 0.16027, 0.00082, 0.04928, 3190, 929, 3190, 42.44997, 480.78894
80, 0.12916, 0.17951, 0.00081, 0.04776, 3190, 996, 3190, 37.68289, 451.85284
81, 0.12320, 0.18082, 0.00127, 0.05424, 3190, 1020, 3190, 64.24173, 453.18869
82, 0.14337, 0.20178, 0.00082, 0.05704, 3190, 1084, 3190, 27.36786, 443.11060
83, 0.13099, 0.20943, 0.00081, 0.04964, 3190, 1114, 3190, 44.37342, 442.50876
84, 0.13311, 0.21322, 0.00095, 0.05149, 3190, 1145, 3190, 30.46309, 441.85065
85, 0.14021, 0.21534, 0.00096, 0.05799, 3190, 1126, 3190, 23.83275, 448.03238
86, 0.13576, 0.20407, 0.00084, 0.05049, 3190, 1118, 3190, 33.25658, 442.64658
87, 0.14471, 0.21707, 0.00095, 0.05583, 3190, 1144, 3190, 37.04052, 449.31171
88, 0.13061, 0.22385, 0.00081, 0.04639, 3190, 1123, 3190, 24.06242, 448.59558
89, 0.14091, 0.22118, 0.00081, 0.04752, 3190, 1146, 3190, 32.14032, 450.04111
90, 0.15223, 0.23554, 0.00081, 0.04694, 3190, 1165, 3190, 31.57531, 465.86478
91, 0.12715, 0.20549, 0.00086, 0.04779, 3190, 1104, 3190, 41.19466, 460.31076
92, 0.13590, 0.21082, 0.00081, 0.04622, 3190, 1167, 3190, 36.75595, 456.01974
93, 0.14310, 0.23109, 0.00095, 0.04902, 3190, 1185, 3190, 27.36786, 450.01889
94, 0.13617, 0.20397, 0.00082, 0.05806, 3190, 1124, 3190, 35.48239, 451.95685
95, 0.13462, 0.19935, 0.00135, 0.05052, 3190, 1099, 3190, 33.64521, 472.73355
96, 0.14670, 0.22777, 0.00088, 0.04899, 3190, 1171, 3190, 34.78505, 442.35959
97, 0.13662, 0.20728, 0.00081, 0.04629, 3190, 1109, 3190, 29.51271, 446.98657
98, 0.12413, 0.20094, 0.00082, 0.05058, 3190, 1121, 3190, 36.38681, 443.48282
99, 0.14638, 0.19439, 0.00118, 0.05375, 3190, 1114, 3190, 39.58535, 441.07257
100, 0.12694, 0.16168, 0.00092, 0.05330, 3190, 882, 3190, 25.84570, 467.22586
