Using SIFT algorithm
Using brute force matcher
Using regular matching
Frame, t_detect, t_match, t_sort , t_transform, Training Descriptors, Query Descriptors, Matches, Min Distance, Max Distance
1, 0.08597, 0.09081, 0.00083, 0.04558, 3190, 303, 3190, 66.36264, 483.14386
2, 0.09933, 0.11427, 0.00079, 0.04943, 3190, 388, 3190, 47.03190, 503.17096
3, 0.08573, 0.12191, 0.00087, 0.05391, 3190, 412, 3190, 60.47313, 482.08609
4, 0.10576, 0.13097, 0.00079, 0.04937, 3190, 442, 3190, 66.35510, 496.95975
5, 0.08893, 0.12569, 0.00083, 0.05379, 3190, 427, 3190, 75.72978, 463.76395
6, 0.08338, 0.12792, 0.00080, 0.04742, 3190, 429, 3190, 57.45433, 495.43515
7, 0.08238, 0.12401, 0.00080, 0.05936, 3190, 418, 3190, 64.02343, 492.45001
8, 0.10714, 0.14190, 0.00082, 0.07513, 3190, 459, 3190, 74.24284, 492.81842
9, 0.10082, 0.13978, 0.00085, 0.05984, 3190, 439, 3190, 72.46378, 487.06262
10, 0.09286, 0.11913, 0.00084, 0.04891, 3190, 403, 3190, 65.02307, 509.84213
11, 0.09133, 0.12912, 0.00106, 0.05250, 3190, 438, 3190, 57.16642, 499.67691
12, 0.09481, 0.13194, 0.00171, 0.05078, 3190, 428, 3190, 56.69215, 481.00937
13, 0.10062, 0.13309, 0.00084, 0.05289, 3190, 434, 3190, 65.18436, 499.48975
14, 0.10098, 0.12688, 0.00081, 0.05666, 3190, 416, 3190, 61.82233, 496.00201
15, 0.09950, 0.12691, 0.00089, 0.05204, 3190, 425, 3190, 60.81118, 485.48944
16, 0.08683, 0.12582, 0.00084, 0.04833, 3190, 423, 3190, 56.08921, 492.65100
17, 0.08937, 0.12728, 0.00080, 0.05136, 3190, 431, 3190, 56.50664, 484.91443
18, 0.09040, 0.12974, 0.00080, 0.04858, 3190, 438, 3190, 61.40033, 479.35477
19, 0.08836, 0.12521, 0.00085, 0.05506, 3190, 424, 3190, 74.03378, 468.91684
20, 0.08890, 0.12818, 0.00102, 0.05331, 3190, 427, 3190, 65.04613, 487.32639
21, 0.09292, 0.13048, 0.00087, 0.05157, 3190, 436, 3190, 62.71363, 475.28308
22, 0.08677, 0.12578, 0.00095, 0.05368, 3190, 419, 3190, 62.34581, 490.26117
23, 0.09207, 0.13198, 0.00213, 0.05008, 3190, 431, 3190, 62.92059, 492.68954
24, 0.10079, 0.12181, 0.00082, 0.05048, 3190, 437, 3190, 66.54322, 482.05704
25, 0.09815, 0.13523, 0.00080, 0.05467, 3190, 437, 3190, 60.32412, 499.78494
26, 0.08610, 0.12462, 0.00085, 0.05633, 3190, 420, 3190, 53.46027, 499.02405
27, 0.08601, 0.13116, 0.00082, 0.05504, 3190, 441, 3190, 64.22617, 483.02173
28, 0.08956, 0.12618, 0.00084, 0.05756, 3190, 422, 3190, 62.67376, 472.58228
29, 0.08198, 0.13206, 0.00080, 0.05019, 3190, 449, 3190, 62.67376, 494.45929
30, 0.09638, 0.12244, 0.00116, 0.05298, 3190, 411, 3190, 65.71910, 476.58054
31, 0.08537, 0.12836, 0.00080, 0.05779, 3190, 431, 3190, 59.90826, 479.95938
32, 0.09497, 0.12616, 0.00094, 0.05006, 3190, 421, 3190, 61.46544, 483.15628
33, 0.09669, 0.12723, 0.00311, 0.05507, 3190, 431, 3190, 59.46428, 498.52182
34, 0.09331, 0.12673, 0.00116, 0.05322, 3190, 424, 3190, 65.19202, 492.02643
35, 0.08945, 0.13375, 0.00087, 0.04766, 3190, 439, 3190, 60.25778, 486.25714
36, 0.09046, 0.12610, 0.00080, 0.05405, 3190, 428, 3190, 60.51446, 488.64301
37, 0.09164, 0.13129, 0.00084, 0.05346, 3190, 442, 3190, 63.12686, 487.22275
38, 0.08978, 0.12700, 0.00080, 0.05265, 3190, 432, 3190, 58.31809, 490.75961
39, 0.12166, 0.11914, 0.00080, 0.04751, 3190, 399, 3190, 63.31667, 483.42114
40, 0.08495, 0.12388, 0.00094, 0.05301, 3190, 417, 3190, 68.33739, 480.49246
41, 0.09752, 0.12755, 0.00168, 0.04969, 3190, 435, 3190, 63.89836, 494.59579
42, 0.09827, 0.13019, 0.00080, 0.05442, 3190, 443, 3190, 71.33022, 477.10272
43, 0.09796, 0.11975, 0.00134, 0.04937, 3190, 404, 3190, 62.57795, 481.79559
44, 0.08849, 0.11510, 0.00291, 0.05437, 3190, 388, 3190, 57.20140, 493.77423
45, 0.09101, 0.13095, 0.00084, 0.05650, 3190, 443, 3190, 60.80296, 480.26242
46, 0.09583, 0.12435, 0.00080, 0.05662, 3190, 418, 3190, 64.34283, 488.85172
47, 0.08783, 0.12643, 0.00084, 0.05318, 3190, 427, 3190, 67.94115, 494.01315
48, 0.08886, 0.12305, 0.00089, 0.05304, 3190, 415, 3190, 67.14164, 494.90503
49, 0.08598, 0.12927, 0.00171, 0.05499, 3190, 439, 3190, 69.07967, 482.02594
50, 0.08675, 0.12157, 0.00094, 0.05669, 3190, 409, 3190, 58.56620, 490.26932
51, 0.08879, 0.12156, 0.00123, 0.05359, 3190, 409, 3190, 64.07808, 495.85986
52, 0.09078, 0.12704, 0.00150, 0.05628, 3190, 427, 3190, 56.58622, 494.74841
53, 0.09180, 0.12138, 0.00122, 0.05735, 3190, 429, 3190, 63.72598, 488.71362
54, 0.08468, 0.13328, 0.00112, 0.05440, 3190, 453, 3190, 61.95160, 493.79752
55, 0.08586, 0.12138, 0.00080, 0.05373, 3190, 410, 3190, 59.37171, 475.14944
56, 0.09329, 0.12216, 0.00080, 0.04935, 3190, 409, 3190, 68.46167, 487.35101
57, 0.10038, 0.12061, 0.00080, 0.04761, 3190, 423, 3190, 64.80740, 488.31546
58, 0.08678, 0.12332, 0.00080, 0.04778, 3190, 421, 3190, 61.33514, 488.30933
59, 0.10182, 0.12731, 0.00084, 0.05171, 3190, 428, 3190, 59.35487, 478.12445
60, 0.08791, 0.12902, 0.00080, 0.04804, 3190, 423, 3190, 63.15061, 475.73102
61, 0.09357, 0.12155, 0.00081, 0.06318, 3190, 413, 3190, 60.63827, 494.60388
62, 0.09274, 0.13219, 0.00080, 0.05178, 3190, 449, 3190, 59.89992, 474.05801
63, 0.09032, 0.12372, 0.00080, 0.05311, 3190, 417, 3190, 62.28965, 491.39597
64, 0.09311, 0.12137, 0.00175, 0.05310, 3190, 409, 3190, 60.45660, 485.40808
65, 0.09105, 0.13272, 0.00122, 0.05732, 3190, 436, 3190, 68.56384, 491.23926
66, 0.08547, 0.13131, 0.00085, 0.05078, 3190, 438, 3190, 62.36185, 487.63715
67, 0.09393, 0.12416, 0.00114, 0.05079, 3190, 424, 3190, 63.49803, 492.68753
68, 0.08620, 0.12443, 0.00085, 0.04595, 3190, 424, 3190, 64.00781, 494.06982
69, 0.08591, 0.12383, 0.00083, 0.04895, 3190, 424, 3190, 62.01613, 486.76587
70, 0.08679, 0.12352, 0.00110, 0.05137, 3190, 419, 3190, 64.47480, 472.70181
71, 0.08194, 0.11967, 0.00081, 0.05365, 3190, 418, 3190, 57.62812, 481.70737
72, 0.09172, 0.12693, 0.00093, 0.04992, 3190, 421, 3190, 66.34003, 488.90286
73, 0.08336, 0.11953, 0.00097, 0.05534, 3190, 402, 3190, 58.70264, 484.94226
74, 0.08847, 0.11565, 0.00133, 0.05367, 3190, 392, 3190, 61.74949, 474.54083
75, 0.08569, 0.12420, 0.00080, 0.05105, 3190, 418, 3190, 62.12085, 479.64676
76, 0.09768, 0.12115, 0.00087, 0.05380, 3190, 411, 3190, 63.12686, 470.98196
77, 0.09531, 0.12357, 0.00085, 0.05417, 3190, 408, 3190, 62.33779, 471.45203
78, 0.09150, 0.12286, 0.00085, 0.05053, 3190, 420, 3190, 63.86705, 494.23273
79, 0.08370, 0.12783, 0.00082, 0.05338, 3190, 428, 3190, 63.71813, 489.48340
80, 0.09513, 0.12653, 0.00088, 0.05421, 3190, 421, 3190, 60.07495, 494.20847
81, 0.08746, 0.12878, 0.00080, 0.05484, 3190, 432, 3190, 65.68105, 495.68942
82, 0.09381, 0.13262, 0.00081, 0.05178, 3190, 447, 3190, 71.28114, 480.38525
83, 0.08624, 0.12253, 0.00127, 0.05433, 3190, 414, 3190, 61.09010, 498.65720
84, 0.09089, 0.12435, 0.00082, 0.06247, 3190, 421, 3190, 67.34983, 496.16428
85, 0.09575, 0.12881, 0.00080, 0.05470, 3190, 425, 3190, 64.42049, 476.62460
86, 0.09645, 0.12011, 0.00081, 0.06126, 3190, 410, 3190, 68.51277, 489.84180
87, 0.08761, 0.12438, 0.00086, 0.05434, 3190, 419, 3190, 63.52165, 492.02844
88, 0.08711, 0.11934, 0.00088, 0.05430, 3190, 404, 3190, 62.77739, 486.01544
89, 0.09283, 0.12832, 0.00081, 0.04864, 3190, 428, 3190, 66.46804, 477.05975
90, 0.09074, 0.12481, 0.00081, 0.05314, 3190, 421, 3190, 62.47400, 494.00507
91, 0.09089, 0.12429, 0.00209, 0.06091, 3190, 419, 3190, 62.49000, 483.02277
92, 0.08934, 0.12313, 0.00084, 0.05307, 3190, 418, 3190, 59.96666, 493.92004
93, 0.08716, 0.11691, 0.00084, 0.05051, 3190, 402, 3190, 60.99180, 474.65881
94, 0.08574, 0.11715, 0.00081, 0.05807, 3190, 396, 3190, 59.22837, 485.04434
95, 0.09111, 0.12170, 0.00093, 0.05354, 3190, 411, 3190, 63.11893, 478.18198
96, 0.08758, 0.12704, 0.00081, 0.04649, 3190, 436, 3190, 65.63535, 479.78848
97, 0.08479, 0.12906, 0.00080, 0.05509, 3190, 439, 3190, 64.17944, 482.65930
98, 0.09008, 0.12275, 0.00081, 0.05436, 3190, 425, 3190, 56.38262, 488.11987
99, 0.09054, 0.12592, 0.00090, 0.05667, 3190, 418, 3190, 61.45730, 479.63007
100, 0.09206, 0.12204, 0.00081, 0.05227, 3190, 426, 3190, 58.71116, 473.22827
