Using BRISK algorithm
Using brute force matcher
Using knn matching
Frame, t_detect, t_match, t_sort , t_transform, Training Descriptors, Query Descriptors, Matches, Min Distance, Max Distance
1, 0.02134, 0.45002, 0.00098, 0.00099, 5424, 1125, 40, 280.84338, 560.16071
2, 0.01928, 0.46000, 0.00121, 0.00097, 5424, 1153, 60, 272.35272, 574.59985
3, 0.02167, 0.44824, 0.00104, 0.00372, 5424, 1128, 44, 200.31725, 565.66864
4, 0.02165, 0.45089, 0.00093, 0.00094, 5424, 1131, 52, 286.63217, 576.68536
5, 0.02498, 0.44442, 0.00217, 0.00140, 5424, 1122, 39, 235.25093, 564.64679
6, 0.02317, 0.44573, 0.00147, 0.00127, 5424, 1119, 54, 313.79611, 582.24481
7, 0.01796, 0.46153, 0.00095, 0.00107, 5424, 1154, 45, 267.92722, 555.66895
8, 0.02037, 0.43113, 0.00090, 0.00091, 5424, 1082, 28, 288.76981, 561.83630
9, 0.02471, 0.48200, 0.00097, 0.00184, 5424, 1139, 46, 249.67178, 576.51019
10, 0.02229, 0.47713, 0.00098, 0.00159, 5424, 1187, 42, 275.01819, 573.10730
11, 0.02562, 0.47550, 0.00313, 0.00211, 5424, 1179, 47, 230.78561, 585.89758
12, 0.01820, 0.39561, 0.00129, 0.00141, 5424, 1000, 36, 289.47021, 558.73694
13, 0.01789, 0.35090, 0.00089, 0.01809, 5424, 885, 44, 189.49670, 574.62946
14, 0.02005, 0.48079, 0.00092, 0.00205, 5424, 1210, 38, 280.94482, 562.12811
15, 0.02828, 0.47384, 0.00090, 0.00283, 5424, 1171, 41, 258.98840, 568.94727
16, 0.02216, 0.46763, 0.00089, 0.00291, 5424, 1178, 27, 345.04202, 541.27441
17, 0.02835, 0.51319, 0.00093, 0.00398, 5424, 1290, 30, 292.79684, 559.54980
18, 0.02340, 0.49731, 0.00090, 0.00210, 5424, 1252, 49, 297.62393, 561.60309
19, 0.02056, 0.42561, 0.00089, 0.00471, 5424, 1069, 25, 322.54611, 581.05249
20, 0.03185, 0.55839, 0.00166, 0.00061, 5424, 1398, 23, 235.53343, 537.02423
21, 0.02626, 0.56573, 0.00099, 0.00104, 5424, 1430, 45, 299.34595, 544.95044
22, 0.02560, 0.57629, 0.00092, 0.00155, 5424, 1443, 51, 245.40579, 535.57538
23, 0.02284, 0.49960, 0.00115, 0.00236, 5424, 1261, 32, 265.87778, 581.15314
24, 0.02556, 0.49050, 0.00216, 0.00111, 5424, 1233, 27, 279.72485, 543.56689
25, 0.01686, 0.42617, 0.00089, 0.00446, 5424, 1051, 22, 299.22400, 615.14062
26, 0.02303, 0.47824, 0.00089, 0.00138, 5424, 1187, 26, 220.04091, 528.84875
27, 0.02206, 0.49468, 0.00089, 0.00624, 5424, 1246, 50, 274.91998, 545.41547
28, 0.02435, 0.53341, 0.00089, 0.00116, 5424, 1345, 36, 208.39386, 547.48700
29, 0.02110, 0.46329, 0.00089, 0.00281, 5424, 1177, 32, 292.22595, 548.21802
30, 0.02409, 0.54372, 0.00102, 0.00649, 5424, 1301, 31, 276.92056, 552.99005
31, 0.01698, 0.41101, 0.00204, 0.00747, 5424, 1027, 26, 372.09409, 591.63336
32, 0.02578, 0.53672, 0.00094, 0.00133, 5424, 1350, 31, 214.29886, 572.06293
33, 0.02013, 0.48620, 0.00094, 0.00296, 5424, 1207, 39, 328.89359, 563.08081
34, 0.01610, 0.38954, 0.00095, 0.00356, 5424, 968, 23, 327.12994, 568.42328
35, 0.01787, 0.31243, 0.00099, 0.00845, 5424, 785, 21, 269.15237, 585.73114
36, 0.01495, 0.31271, 0.00119, 0.00966, 5424, 780, 16, 363.52991, 605.25116
37, 0.01777, 0.39717, 0.00089, 0.01456, 5424, 1000, 39, 181.85434, 543.74719
38, 0.02383, 0.49849, 0.00122, 0.00105, 5424, 1254, 21, 316.94952, 520.29706
39, 0.02478, 0.55225, 0.00089, 0.00296, 5424, 1388, 37, 245.83531, 521.38373
40, 0.02782, 0.62434, 0.00089, 0.00129, 5424, 1405, 35, 306.36417, 556.93085
41, 0.02728, 0.49398, 0.00089, 0.01082, 5424, 1253, 32, 170.80983, 579.54120
42, 0.02207, 0.45335, 0.00104, 0.01547, 5424, 1130, 30, 346.55157, 562.35400
43, 0.02682, 0.57333, 0.00090, 0.00077, 5424, 1439, 46, 306.17642, 547.70520
44, 0.02966, 0.57059, 0.00093, 0.00063, 5424, 1431, 37, 248.35458, 546.04669
45, 0.02261, 0.54415, 0.00089, 0.00104, 5424, 1362, 37, 261.16663, 549.77722
46, 0.02737, 0.59085, 0.00093, 0.00101, 5424, 1473, 45, 237.91174, 573.79614
47, 0.02403, 0.52119, 0.00149, 0.00121, 5424, 1275, 29, 171.41179, 564.72650
48, 0.02409, 0.38005, 0.00089, 0.00927, 5424, 948, 19, 294.12582, 612.16992
49, 0.01866, 0.40072, 0.00093, 0.02008, 5424, 996, 19, 359.30072, 557.05658
50, 0.02171, 0.48113, 0.00090, 0.00117, 5424, 1206, 38, 320.25302, 570.07892
51, 0.02100, 0.42945, 0.00089, 0.00204, 5424, 1082, 20, 388.58719, 556.45306
52, 0.01586, 0.27265, 0.00100, 0.00001, 5424, 688, 10, 443.39035, 570.47699
53, 0.02482, 0.55258, 0.00095, 0.00145, 5424, 1383, 40, 294.41977, 547.02283
54, 0.01819, 0.34622, 0.00232, 0.00490, 5424, 873, 14, 332.78522, 586.22095
55, 0.02136, 0.43656, 0.00096, 0.00254, 5424, 1094, 26, 358.47314, 581.27789
56, 0.02022, 0.40603, 0.00090, 0.00572, 5424, 1013, 32, 322.52286, 581.57544
57, 0.02102, 0.37633, 0.00088, 0.00325, 5424, 949, 15, 374.70789, 595.78015
58, 0.01538, 0.33370, 0.00089, 0.00072, 5424, 842, 13, 369.57544, 546.78516
59, 0.02301, 0.50565, 0.00089, 0.00413, 5424, 1242, 21, 229.86736, 538.51093
60, 0.02057, 0.49344, 0.00090, 0.00108, 5424, 1233, 37, 320.49493, 569.32770
61, 0.02479, 0.59033, 0.00089, 0.00050, 5424, 1492, 39, 272.86261, 544.96606
62, 0.02826, 0.61509, 0.00090, 0.00062, 5424, 1547, 36, 321.27090, 530.23578
63, 0.02779, 0.62097, 0.00266, 0.00233, 5424, 1561, 43, 268.10446, 552.10870
64, 0.04423, 0.63274, 0.00090, 0.00073, 5424, 1593, 42, 281.94858, 527.99335
65, 0.03322, 0.59714, 0.00167, 0.00118, 5424, 1502, 50, 290.35495, 607.55743
66, 0.02488, 0.61077, 0.00090, 0.00208, 5424, 1540, 60, 251.39412, 567.76758
67, 0.02582, 0.53481, 0.00090, 0.00130, 5424, 1347, 37, 321.31448, 593.81897
68, 0.01953, 0.45517, 0.00105, 0.00312, 5424, 1125, 32, 275.80972, 568.89105
69, 0.02116, 0.38022, 0.00116, 0.00206, 5424, 959, 22, 319.37125, 550.22632
70, 0.02063, 0.39818, 0.00116, 0.00241, 5424, 1005, 21, 375.53961, 546.95337
71, 0.01909, 0.42726, 0.00090, 0.00633, 5424, 1074, 30, 258.55560, 561.41693
72, 0.02055, 0.34850, 0.00089, 0.01516, 5424, 856, 26, 330.12421, 600.48395
73, 0.01938, 0.42290, 0.00089, 0.00352, 5424, 1067, 41, 279.53534, 560.63354
74, 0.02415, 0.46214, 0.00090, 0.00512, 5424, 1104, 37, 267.02435, 585.14355
75, 0.02183, 0.49828, 0.00089, 0.00111, 5424, 1261, 39, 330.09543, 564.61493
76, 0.01998, 0.45817, 0.00093, 0.00217, 5424, 1155, 41, 266.34189, 553.69305
77, 0.01499, 0.25068, 0.00089, 0.00001, 5424, 630, 6, 388.92029, 579.13556
78, 0.01844, 0.38498, 0.00088, 0.00934, 5424, 968, 18, 294.66422, 594.57971
79, 0.02633, 0.45928, 0.00090, 0.00104, 5424, 1163, 23, 315.43622, 563.20691
80, 0.01793, 0.40249, 0.00090, 0.00417, 5424, 1017, 18, 363.84338, 577.27722
81, 0.01936, 0.43899, 0.00093, 0.00181, 5424, 1110, 26, 330.05606, 534.80652
82, 0.01951, 0.44527, 0.00093, 0.00724, 5424, 1113, 34, 313.41986, 540.98981
83, 0.02457, 0.45691, 0.00089, 0.00758, 5424, 1146, 44, 304.27454, 549.39423
84, 0.02443, 0.54457, 0.00092, 0.00187, 5424, 1377, 39, 265.73859, 552.92316
85, 0.01870, 0.40922, 0.00145, 0.00908, 5424, 1022, 22, 365.92075, 566.44946
86, 0.02235, 0.48982, 0.00090, 0.00284, 5424, 1237, 48, 239.78949, 555.32422
87, 0.02520, 0.50333, 0.00090, 0.00390, 5424, 1256, 35, 302.34747, 525.38940
88, 0.02025, 0.42743, 0.00090, 0.00175, 5424, 1075, 45, 196.54007, 548.80322
89, 0.02500, 0.47168, 0.00090, 0.00286, 5424, 1189, 41, 267.27515, 552.10596
90, 0.02161, 0.46722, 0.00114, 0.00250, 5424, 1181, 35, 178.75122, 602.65662
91, 0.02174, 0.47627, 0.00089, 0.00356, 5424, 1200, 31, 283.98416, 539.29675
92, 0.01753, 0.35993, 0.00088, 0.01105, 5424, 907, 16, 341.06891, 552.14490
93, 0.01553, 0.26487, 0.00089, 0.00451, 5424, 667, 16, 378.44684, 563.03021
94, 0.02065, 0.48630, 0.00104, 0.00296, 5424, 1224, 32, 325.49808, 540.80682
95, 0.02843, 0.45706, 0.00093, 0.00218, 5424, 1162, 33, 263.90149, 560.90460
96, 0.02916, 0.47518, 0.00089, 0.00269, 5424, 1213, 19, 345.53726, 556.14026
97, 0.02014, 0.39840, 0.00088, 0.00777, 5424, 990, 27, 338.08875, 544.34546
98, 0.01622, 0.31942, 0.00089, 0.02260, 5424, 808, 38, 336.21124, 552.92316
99, 0.01970, 0.41260, 0.00092, 0.00753, 5424, 1024, 19, 346.68140, 583.78503
100, 0.01820, 0.39328, 0.00115, 0.00151, 5424, 994, 28, 350.98434, 568.49097
