Using SIFT algorithm
Using flann-based matcher
Using regular matching
Frame, t_detect, t_match, t_sort , t_transform, Training Descriptors, Query Descriptors, Matches, Min Distance, Max Distance
1, 0.09231, 0.08357, 0.00095, 0.05141, 3190, 391, 3190, 62.28965, 484.12704
2, 0.09786, 0.09068, 0.00079, 0.04647, 3190, 478, 3190, 63.59245, 468.13351
3, 0.09339, 0.09645, 0.00080, 0.05670, 3190, 468, 3190, 65.85590, 479.03967
4, 0.09288, 0.09882, 0.00085, 0.05550, 3190, 461, 3190, 62.12085, 482.17322
5, 0.08423, 0.08372, 0.00080, 0.04841, 3190, 453, 3190, 70.30647, 479.61963
6, 0.08672, 0.09055, 0.00106, 0.05625, 3190, 480, 3190, 57.66281, 472.51984
7, 0.10438, 0.09689, 0.00095, 0.05260, 3190, 473, 3190, 47.59201, 472.07837
8, 0.11474, 0.09906, 0.00107, 0.05446, 3190, 497, 3190, 61.87083, 490.81158
9, 0.09574, 0.10313, 0.00084, 0.05361, 3190, 457, 3190, 67.84541, 496.54507
10, 0.09118, 0.09870, 0.00095, 0.06171, 3190, 471, 3190, 55.00000, 488.23969
11, 0.08775, 0.09350, 0.00088, 0.06594, 3190, 464, 3190, 52.29723, 473.49869
12, 0.08940, 0.12316, 0.00094, 0.04816, 3190, 488, 3190, 64.42049, 481.03015
13, 0.08749, 0.09351, 0.00081, 0.05169, 3190, 480, 3190, 57.99138, 472.38333
14, 0.09375, 0.08917, 0.00111, 0.05195, 3190, 444, 3190, 46.01087, 486.60663
15, 0.09762, 0.09624, 0.00148, 0.06090, 3190, 443, 3190, 58.38664, 489.10428
16, 0.10268, 0.12306, 0.00094, 0.05520, 3190, 470, 3190, 59.63221, 482.12241
17, 0.10276, 0.09067, 0.00085, 0.06755, 3190, 458, 3190, 43.81781, 484.37589
18, 0.08855, 0.09135, 0.00080, 0.05713, 3190, 451, 3190, 52.58327, 486.15842
19, 0.09664, 0.09586, 0.00122, 0.07058, 3190, 413, 3190, 59.01694, 473.03912
20, 0.09996, 0.12508, 0.00108, 0.07952, 3190, 417, 3190, 55.70458, 507.12817
21, 0.11699, 0.10901, 0.00235, 0.07519, 3190, 448, 3190, 64.28841, 485.10413
22, 0.09080, 0.11417, 0.00091, 0.05577, 3190, 445, 3190, 60.74537, 487.53769
23, 0.10246, 0.12244, 0.00156, 0.05787, 3190, 453, 3190, 65.81793, 477.35208
24, 0.09271, 0.11126, 0.00095, 0.07680, 3190, 438, 3190, 66.12110, 483.42941
25, 0.09279, 0.11228, 0.00085, 0.05115, 3190, 424, 3190, 44.54211, 474.14871
26, 0.09777, 0.10653, 0.00095, 0.06509, 3190, 438, 3190, 66.59579, 483.53595
27, 0.09699, 0.11690, 0.00212, 0.05456, 3190, 441, 3190, 64.34283, 492.13718
28, 0.08648, 0.09443, 0.00151, 0.06326, 3190, 459, 3190, 64.96922, 485.21027
29, 0.09173, 0.10052, 0.00092, 0.05483, 3190, 461, 3190, 57.34108, 478.72122
30, 0.08192, 0.09165, 0.00080, 0.05652, 3190, 439, 3190, 63.99219, 472.62671
31, 0.09195, 0.10578, 0.00087, 0.05997, 3190, 492, 3190, 66.67833, 498.37134
32, 0.09260, 0.09834, 0.00090, 0.05463, 3190, 419, 3190, 63.34035, 514.34814
33, 0.10013, 0.11685, 0.00080, 0.05910, 3190, 525, 3190, 57.72348, 463.91162
34, 0.09578, 0.10282, 0.00093, 0.04964, 3190, 471, 3190, 56.41808, 478.75360
35, 0.09547, 0.09669, 0.00092, 0.05016, 3190, 456, 3190, 51.10773, 495.51187
36, 0.09542, 0.10751, 0.00085, 0.06438, 3190, 491, 3190, 58.50641, 495.00403
37, 0.10371, 0.09823, 0.00086, 0.06922, 3190, 495, 3190, 51.88449, 490.52725
38, 0.10480, 0.11669, 0.00177, 0.05828, 3190, 492, 3190, 52.82991, 495.63998
39, 0.10077, 0.12384, 0.00083, 0.05600, 3190, 517, 3190, 54.02777, 483.49045
40, 0.09456, 0.10481, 0.00094, 0.04563, 3190, 487, 3190, 61.06554, 481.14032
41, 0.08928, 0.10317, 0.00080, 0.05648, 3190, 488, 3190, 69.73521, 483.04453
42, 0.09160, 0.10296, 0.00123, 0.05574, 3190, 496, 3190, 50.92151, 482.07571
43, 0.09870, 0.10255, 0.00094, 0.04838, 3190, 495, 3190, 51.50728, 485.86212
44, 0.09513, 0.10391, 0.00191, 0.04896, 3190, 480, 3190, 52.51666, 509.64301
45, 0.09182, 0.10464, 0.00122, 0.05574, 3190, 520, 3190, 49.07138, 490.82889
46, 0.09844, 0.10100, 0.00123, 0.05524, 3190, 492, 3190, 65.29931, 494.64331
47, 0.09373, 0.10507, 0.00120, 0.05889, 3190, 515, 3190, 64.85368, 496.77560
48, 0.09721, 0.10049, 0.00094, 0.06115, 3190, 493, 3190, 61.65225, 493.09229
49, 0.09670, 0.09472, 0.00091, 0.04999, 3190, 473, 3190, 62.86493, 504.20432
50, 0.09135, 0.09887, 0.00094, 0.05627, 3190, 486, 3190, 62.72958, 500.95609
51, 0.09754, 0.08935, 0.00080, 0.04579, 3190, 467, 3190, 66.70082, 496.17438
52, 0.08618, 0.09563, 0.00080, 0.05403, 3190, 498, 3190, 54.51605, 488.34824
53, 0.09162, 0.08944, 0.00094, 0.04768, 3190, 465, 3190, 54.35991, 489.39453
54, 0.08453, 0.09094, 0.00080, 0.05256, 3190, 470, 3190, 50.72475, 498.41348
55, 0.09206, 0.09865, 0.00080, 0.05412, 3190, 507, 3190, 57.09641, 493.32748
56, 0.09153, 0.09037, 0.00080, 0.04462, 3190, 479, 3190, 63.77304, 486.12344
57, 0.08560, 0.09774, 0.00090, 0.05041, 3190, 481, 3190, 59.66574, 464.91504
58, 0.10282, 0.09954, 0.00094, 0.08056, 3190, 528, 3190, 25.78759, 466.79117
59, 0.10218, 0.10039, 0.00095, 0.04993, 3190, 501, 3190, 50.92151, 471.14224
60, 0.09142, 0.10673, 0.00109, 0.05516, 3190, 515, 3190, 69.78539, 456.98798
61, 0.09558, 0.10082, 0.00081, 0.04694, 3190, 522, 3190, 49.31531, 463.60327
62, 0.08606, 0.12129, 0.00080, 0.04870, 3190, 493, 3190, 53.74012, 465.99570
63, 0.08782, 0.09405, 0.00081, 0.04505, 3190, 496, 3190, 64.51357, 458.99457
64, 0.09028, 0.09436, 0.00080, 0.04905, 3190, 511, 3190, 61.15554, 470.79825
65, 0.10357, 0.09892, 0.00094, 0.05272, 3190, 486, 3190, 68.32276, 460.18475
66, 0.09520, 0.09384, 0.00080, 0.05744, 3190, 504, 3190, 57.36724, 467.03210
67, 0.09553, 0.09453, 0.00094, 0.04519, 3190, 479, 3190, 43.60046, 467.59277
68, 0.11030, 0.08859, 0.00118, 0.04709, 3190, 486, 3190, 58.18075, 458.55206
69, 0.09132, 0.09772, 0.00081, 0.05722, 3190, 475, 3190, 59.07622, 477.16245
70, 0.09750, 0.08993, 0.00085, 0.05392, 3190, 508, 3190, 60.00833, 489.50690
71, 0.09871, 0.09248, 0.00081, 0.05390, 3190, 491, 3190, 45.34314, 467.71466
72, 0.08965, 0.09971, 0.00081, 0.05489, 3190, 503, 3190, 57.22762, 476.64453
73, 0.09369, 0.09796, 0.00081, 0.05639, 3190, 497, 3190, 62.42596, 491.42447
74, 0.08958, 0.07986, 0.00081, 0.04534, 3190, 438, 3190, 57.15768, 484.61325
75, 0.08999, 0.09307, 0.00086, 0.04697, 3190, 452, 3190, 67.31271, 488.99487
76, 0.09939, 0.09706, 0.00085, 0.05322, 3190, 479, 3190, 48.87740, 483.38699
77, 0.10565, 0.09412, 0.00081, 0.05978, 3190, 478, 3190, 60.86050, 475.91702
78, 0.08810, 0.09479, 0.00095, 0.05069, 3190, 456, 3190, 46.28175, 484.39755
79, 0.08576, 0.07869, 0.00085, 0.04656, 3190, 445, 3190, 69.29646, 485.67889
80, 0.09425, 0.07453, 0.00081, 0.04483, 3190, 413, 3190, 68.29349, 491.74893
81, 0.08687, 0.09615, 0.00095, 0.05213, 3190, 453, 3190, 60.34070, 470.07553
82, 0.08952, 0.07884, 0.00139, 0.05574, 3190, 437, 3190, 49.83974, 481.64200
83, 0.09439, 0.07864, 0.00106, 0.04904, 3190, 440, 3190, 64.29619, 475.07578
84, 0.09181, 0.08604, 0.00081, 0.04937, 3190, 456, 3190, 57.85326, 474.19406
85, 0.08110, 0.07605, 0.00080, 0.05053, 3190, 400, 3190, 61.74140, 489.49567
86, 0.08057, 0.07164, 0.00087, 0.04529, 3190, 381, 3190, 77.58221, 494.95352
87, 0.08462, 0.08734, 0.00095, 0.05134, 3190, 426, 3190, 62.80127, 503.98413
88, 0.08559, 0.09397, 0.00096, 0.04568, 3190, 441, 3190, 64.83055, 509.62045
89, 0.09006, 0.08129, 0.00094, 0.04701, 3190, 415, 3190, 78.79086, 504.47794
90, 0.08665, 0.07868, 0.00083, 0.04622, 3190, 449, 3190, 55.09991, 493.30417
91, 0.09677, 0.07946, 0.00095, 0.05479, 3190, 430, 3190, 44.39595, 492.93002
92, 0.09355, 0.08495, 0.00081, 0.04889, 3190, 437, 3190, 44.36214, 523.48352
93, 0.09319, 0.09374, 0.00122, 0.04807, 3190, 447, 3190, 49.52777, 513.73047
94, 0.09902, 0.09121, 0.00088, 0.05734, 3190, 432, 3190, 46.15192, 475.74469
95, 0.09157, 0.09267, 0.00081, 0.05303, 3190, 463, 3190, 42.40283, 479.58105
96, 0.08898, 0.08388, 0.00085, 0.04910, 3190, 460, 3190, 43.16248, 473.28320
97, 0.09522, 0.09330, 0.00098, 0.05486, 3190, 440, 3190, 48.07286, 494.66049
98, 0.09525, 0.08821, 0.00096, 0.04731, 3190, 431, 3190, 45.11097, 469.08209
99, 0.09357, 0.08429, 0.00080, 0.05221, 3190, 477, 3190, 36.78315, 465.79395
100, 0.09175, 0.07924, 0.00081, 0.04729, 3190, 424, 3190, 41.07310, 469.27924
