Using SIFT algorithm
Using brute force matcher
Using regular matching
Frame, t_detect, t_match, t_sort , t_transform, Training Descriptors, Query Descriptors, Matches, Min Distance, Max Distance
1, 0.12934, 0.27266, 0.00087, 0.05863, 3190, 961, 3190, 43.84062, 454.70871
2, 0.11606, 0.25446, 0.00098, 0.04490, 3190, 870, 3190, 38.87158, 439.69647
3, 0.15194, 0.39839, 0.00086, 0.05259, 3190, 1369, 3190, 27.80288, 456.53696
4, 0.13819, 0.35831, 0.00083, 0.04933, 3190, 1218, 3190, 51.15662, 449.27274
5, 0.14077, 0.42282, 0.00149, 0.07195, 3190, 1294, 3190, 31.48015, 454.97803
6, 0.14166, 0.38815, 0.00120, 0.05183, 3190, 1321, 3190, 32.86335, 456.50302
7, 0.13872, 0.36956, 0.00082, 0.05481, 3190, 1262, 3190, 23.34524, 457.87772
8, 0.12906, 0.34326, 0.00227, 0.04552, 3190, 1167, 3190, 45.01111, 459.34518
9, 0.14521, 0.36056, 0.00137, 0.04890, 3190, 1219, 3190, 38.26225, 444.30957
10, 0.13945, 0.36890, 0.00217, 0.04992, 3190, 1259, 3190, 38.41875, 457.46802
11, 0.13999, 0.37550, 0.00135, 0.05286, 3190, 1281, 3190, 31.35283, 439.57822
12, 0.13408, 0.35846, 0.00119, 0.04894, 3190, 1184, 3190, 33.98529, 454.65811
13, 0.12257, 0.25055, 0.00080, 0.05338, 3190, 855, 3190, 34.94281, 461.30902
14, 0.12275, 0.26807, 0.00096, 0.04629, 3190, 906, 3190, 37.16181, 456.81506
15, 0.13766, 0.32210, 0.00137, 0.04837, 3190, 1102, 3190, 29.78255, 455.25159
16, 0.12017, 0.29030, 0.00137, 0.05468, 3190, 989, 3190, 24.12468, 448.24548
17, 0.13989, 0.34323, 0.00083, 0.04767, 3190, 1169, 3190, 24.67793, 449.27051
18, 0.12847, 0.30148, 0.00083, 0.05651, 3190, 1028, 3190, 49.36598, 454.19489
19, 0.14403, 0.33273, 0.00082, 0.04608, 3190, 1124, 3190, 33.66006, 453.74774
20, 0.13601, 0.34965, 0.00132, 0.04842, 3190, 1157, 3190, 34.66987, 454.11893
21, 0.10528, 0.19981, 0.00108, 0.05748, 3190, 678, 3190, 64.48256, 466.25531
22, 0.10568, 0.21361, 0.00085, 0.04834, 3190, 722, 3190, 31.44837, 475.50500
23, 0.12151, 0.26685, 0.00087, 0.04748, 3190, 906, 3190, 46.60472, 448.24100
24, 0.12934, 0.29580, 0.00096, 0.05135, 3190, 1003, 3190, 37.36308, 457.37839
25, 0.12183, 0.29302, 0.00086, 0.05509, 3190, 990, 3190, 49.01020, 439.17422
26, 0.13190, 0.31491, 0.00080, 0.05557, 3190, 1076, 3190, 37.04052, 455.25269
27, 0.13702, 0.29753, 0.00136, 0.04883, 3190, 1008, 3190, 45.67275, 460.90671
28, 0.13075, 0.29616, 0.00133, 0.05208, 3190, 1009, 3190, 37.38984, 461.00867
29, 0.13287, 0.30763, 0.00103, 0.04674, 3190, 1046, 3190, 31.46427, 457.38385
30, 0.12096, 0.29556, 0.00080, 0.04696, 3190, 1001, 3190, 35.05709, 449.14584
31, 0.12943, 0.29210, 0.00091, 0.05208, 3190, 1011, 3190, 39.15355, 456.74500
32, 0.13025, 0.30610, 0.00085, 0.05443, 3190, 1042, 3190, 29.63107, 468.88699
33, 0.13255, 0.31322, 0.00091, 0.04752, 3190, 1058, 3190, 23.57965, 458.14627
34, 0.13387, 0.28967, 0.00081, 0.04820, 3190, 991, 3190, 32.52691, 454.25323
35, 0.13411, 0.30530, 0.00081, 0.05236, 3190, 1028, 3190, 29.24038, 454.35229
36, 0.13312, 0.30679, 0.00080, 0.05327, 3190, 1044, 3190, 34.59769, 452.41574
37, 0.14107, 0.29735, 0.00081, 0.04875, 3190, 1018, 3190, 35.48239, 457.00766
38, 0.13107, 0.31017, 0.00080, 0.05149, 3190, 1045, 3190, 31.84337, 447.02014
39, 0.12237, 0.27736, 0.00103, 0.05822, 3190, 951, 3190, 32.18695, 458.41357
40, 0.13700, 0.30501, 0.00102, 0.04896, 3190, 1027, 3190, 38.03945, 454.79117
41, 0.11897, 0.25354, 0.00083, 0.05123, 3190, 864, 3190, 33.01515, 451.24274
42, 0.11755, 0.28077, 0.00093, 0.05285, 3190, 921, 3190, 42.49706, 468.96909
43, 0.12595, 0.28855, 0.00080, 0.04663, 3190, 987, 3190, 40.06245, 452.86975
44, 0.12794, 0.30535, 0.00080, 0.04975, 3190, 1030, 3190, 48.60041, 469.56149
45, 0.12963, 0.31074, 0.00081, 0.05341, 3190, 1054, 3190, 37.89459, 442.27029
46, 0.13541, 0.30597, 0.00131, 0.04966, 3190, 1038, 3190, 27.83882, 447.76669
47, 0.13177, 0.31060, 0.00104, 0.05505, 3190, 1060, 3190, 41.95235, 456.00000
48, 0.12925, 0.30950, 0.00611, 0.04865, 3190, 1052, 3190, 34.66987, 460.81992
49, 0.12580, 0.28960, 0.00080, 0.06056, 3190, 985, 3190, 43.15090, 463.59033
50, 0.11934, 0.29364, 0.00142, 0.05452, 3190, 992, 3190, 44.38468, 461.16266
51, 0.13256, 0.29146, 0.00252, 0.05970, 3190, 992, 3190, 34.79943, 450.56409
52, 0.12867, 0.27477, 0.00080, 0.05732, 3190, 926, 3190, 30.38091, 470.81207
53, 0.13178, 0.30051, 0.00087, 0.05956, 3190, 1014, 3190, 32.38827, 459.99347
54, 0.13453, 0.30519, 0.00080, 0.05557, 3190, 1040, 3190, 28.05352, 453.84250
55, 0.14581, 0.30006, 0.00098, 0.05821, 3190, 1015, 3190, 27.22132, 461.24396
56, 0.12759, 0.28758, 0.00080, 0.04778, 3190, 978, 3190, 28.42534, 457.23517
57, 0.12820, 0.29356, 0.00131, 0.06413, 3190, 990, 3190, 29.12044, 456.57968
58, 0.12622, 0.30789, 0.00086, 0.05110, 3190, 1046, 3190, 24.35159, 461.68930
59, 0.13134, 0.30441, 0.00086, 0.05439, 3190, 1037, 3190, 31.90611, 460.81885
60, 0.13739, 0.30809, 0.00119, 0.04649, 3190, 1044, 3190, 28.14249, 453.63092
61, 0.13088, 0.30766, 0.00152, 0.05281, 3190, 1050, 3190, 31.67018, 454.15414
62, 0.12759, 0.30314, 0.00130, 0.05586, 3190, 1034, 3190, 35.29873, 450.24881
63, 0.13430, 0.26292, 0.00159, 0.05310, 3190, 896, 3190, 34.40930, 456.08881
64, 0.13198, 0.25240, 0.00136, 0.05789, 3190, 858, 3190, 39.17908, 455.44592
65, 0.12579, 0.29159, 0.00121, 0.05073, 3190, 990, 3190, 32.96968, 445.80042
66, 0.13722, 0.28528, 0.00230, 0.05073, 3190, 962, 3190, 46.60472, 453.99008
67, 0.13262, 0.27974, 0.00110, 0.05449, 3190, 938, 3190, 28.19574, 460.51929
68, 0.11369, 0.26919, 0.00080, 0.04592, 3190, 946, 3190, 37.08099, 453.63861
69, 0.12312, 0.26847, 0.00080, 0.05413, 3190, 922, 3190, 29.66479, 459.57806
70, 0.12343, 0.27403, 0.00117, 0.05018, 3190, 925, 3190, 34.98571, 458.29358
71, 0.11994, 0.28845, 0.00080, 0.04525, 3190, 978, 3190, 33.52611, 461.33392
72, 0.12146, 0.29364, 0.00080, 0.05278, 3190, 1000, 3190, 31.71750, 470.56137
73, 0.12566, 0.30401, 0.00091, 0.04918, 3190, 1031, 3190, 35.21363, 469.82443
74, 0.12026, 0.30936, 0.00133, 0.06411, 3190, 1052, 3190, 22.86919, 469.09381
75, 0.12743, 0.29823, 0.00305, 0.05426, 3190, 1019, 3190, 29.34280, 458.50082
76, 0.14006, 0.32533, 0.00095, 0.05095, 3190, 1098, 3190, 27.20294, 462.98273
77, 0.12282, 0.32672, 0.00143, 0.05581, 3190, 1103, 3190, 33.06055, 465.59103
78, 0.12926, 0.31751, 0.00107, 0.05433, 3190, 1080, 3190, 24.18677, 443.79276
79, 0.12526, 0.27613, 0.00081, 0.04871, 3190, 950, 3190, 28.23119, 449.28833
80, 0.12626, 0.30510, 0.00084, 0.05046, 3190, 1057, 3190, 33.21144, 440.99207
81, 0.12080, 0.27494, 0.00118, 0.05128, 3190, 941, 3190, 22.51666, 444.19928
82, 0.13086, 0.30867, 0.00088, 0.05232, 3190, 1054, 3190, 45.95650, 474.23727
83, 0.13452, 0.32836, 0.00090, 0.05528, 3190, 1120, 3190, 36.46917, 479.14923
84, 0.13691, 0.33015, 0.00081, 0.04951, 3190, 1118, 3190, 32.87856, 463.66907
85, 0.13628, 0.33196, 0.00090, 0.04892, 3190, 1125, 3190, 41.44876, 451.86835
86, 0.13739, 0.33947, 0.00086, 0.05344, 3190, 1143, 3190, 41.84495, 467.05673
87, 0.12561, 0.33380, 0.00111, 0.07435, 3190, 1089, 3190, 45.93474, 450.51636
88, 0.12812, 0.33253, 0.00092, 0.05494, 3190, 1136, 3190, 49.79960, 463.27747
89, 0.12745, 0.32221, 0.00090, 0.05561, 3190, 1109, 3190, 40.42277, 453.05518
90, 0.13464, 0.31145, 0.00105, 0.04972, 3190, 1072, 3190, 43.69210, 461.38379
91, 0.13133, 0.29061, 0.00087, 0.04712, 3190, 983, 3190, 50.01000, 465.01398
92, 0.12170, 0.30084, 0.00108, 0.05452, 3190, 1017, 3190, 54.43344, 452.41132
93, 0.13607, 0.30902, 0.00101, 0.04940, 3190, 1051, 3190, 46.70118, 438.92255
94, 0.13477, 0.34196, 0.00120, 0.04935, 3190, 1162, 3190, 36.72874, 452.76044
95, 0.13794, 0.34196, 0.00085, 0.05224, 3190, 1142, 3190, 35.49648, 449.48526
96, 0.13894, 0.34125, 0.00082, 0.04882, 3190, 1151, 3190, 30.38091, 453.56586
97, 0.13141, 0.31822, 0.00143, 0.05283, 3190, 1078, 3190, 38.53570, 447.09171
98, 0.12856, 0.31643, 0.00084, 0.04988, 3190, 1078, 3190, 29.08608, 452.33838
99, 0.13036, 0.31508, 0.00083, 0.05227, 3190, 1075, 3190, 34.97142, 447.95200
100, 0.13372, 0.30704, 0.00082, 0.04882, 3190, 1057, 3190, 37.89459, 453.98239
